src/app/dashboard/profile/page.tsx(70,47): error TS2339: Property 'createdAt' does not exist on type 'User'.
src/app/dashboard/profile/page.tsx(70,73): error TS2339: Property 'createdAt' does not exist on type 'User'.
src/app/page.tsx(48,21): error TS2322: Type '{ hidden: { opacity: number; y: number; }; show: { opacity: number; y: number; transition: { type: string; stiffness: number; }; }; }' is not assignable to type 'Variants'.
  Property 'show' is incompatible with index signature.
    Type '{ opacity: number; y: number; transition: { type: string; stiffness: number; }; }' is not assignable to type 'Variant'.
      Type '{ opacity: number; y: number; transition: { type: string; stiffness: number; }; }' is not assignable to type 'TargetAndTransition'.
        Type '{ opacity: number; y: number; transition: { type: string; stiffness: number; }; }' is not assignable to type '{ transition?: Transition<any> | undefined; transitionEnd?: ResolvedValues | undefined; }'.
          Types of property 'transition' are incompatible.
            Type '{ type: string; stiffness: number; }' is not assignable to type 'Transition<any> | undefined'.
              Type '{ type: string; stiffness: number; }' is not assignable to type 'TransitionWithValueOverrides<any>'.
                Type '{ type: string; stiffness: number; }' is not assignable to type 'ValueAnimationTransition<any>'.
                  Types of property 'type' are incompatible.
                    Type 'string' is not assignable to type 'AnimationGeneratorType | undefined'.
src/app/page.tsx(70,21): error TS2322: Type '{ hidden: { opacity: number; y: number; }; show: { opacity: number; y: number; transition: { type: string; stiffness: number; }; }; }' is not assignable to type 'Variants'.
  Property 'show' is incompatible with index signature.
    Type '{ opacity: number; y: number; transition: { type: string; stiffness: number; }; }' is not assignable to type 'Variant'.
      Type '{ opacity: number; y: number; transition: { type: string; stiffness: number; }; }' is not assignable to type 'TargetAndTransition'.
        Type '{ opacity: number; y: number; transition: { type: string; stiffness: number; }; }' is not assignable to type '{ transition?: Transition<any> | undefined; transitionEnd?: ResolvedValues | undefined; }'.
          Types of property 'transition' are incompatible.
            Type '{ type: string; stiffness: number; }' is not assignable to type 'Transition<any> | undefined'.
              Type '{ type: string; stiffness: number; }' is not assignable to type 'TransitionWithValueOverrides<any>'.
                Type '{ type: string; stiffness: number; }' is not assignable to type 'ValueAnimationTransition<any>'.
                  Types of property 'type' are incompatible.
                    Type 'string' is not assignable to type 'AnimationGeneratorType | undefined'.
src/app/page.tsx(88,21): error TS2322: Type '{ hidden: { opacity: number; y: number; }; show: { opacity: number; y: number; transition: { type: string; stiffness: number; }; }; }' is not assignable to type 'Variants'.
  Property 'show' is incompatible with index signature.
    Type '{ opacity: number; y: number; transition: { type: string; stiffness: number; }; }' is not assignable to type 'Variant'.
      Type '{ opacity: number; y: number; transition: { type: string; stiffness: number; }; }' is not assignable to type 'TargetAndTransition'.
        Type '{ opacity: number; y: number; transition: { type: string; stiffness: number; }; }' is not assignable to type '{ transition?: Transition<any> | undefined; transitionEnd?: ResolvedValues | undefined; }'.
          Types of property 'transition' are incompatible.
            Type '{ type: string; stiffness: number; }' is not assignable to type 'Transition<any> | undefined'.
              Type '{ type: string; stiffness: number; }' is not assignable to type 'TransitionWithValueOverrides<any>'.
                Type '{ type: string; stiffness: number; }' is not assignable to type 'ValueAnimationTransition<any>'.
                  Types of property 'type' are incompatible.
                    Type 'string' is not assignable to type 'AnimationGeneratorType | undefined'.
src/components/ui/Button.tsx(30,14): error TS2322: Type '{ children: (ReactNode | Element)[]; disabled: boolean | undefined; form?: string | undefined; formAction?: string | ((formData: FormData) => void | Promise<...>) | undefined; ... 287 more ...; className: string; }' is not assignable to type 'Omit<HTMLMotionProps<"button">, "ref">'.
  Types of property 'onDrag' are incompatible.
    Type 'DragEventHandler<HTMLButtonElement> | undefined' is not assignable to type '((event: MouseEvent | TouchEvent | PointerEvent, info: PanInfo) => void) | undefined'.
      Type 'DragEventHandler<HTMLButtonElement>' is not assignable to type '(event: MouseEvent | TouchEvent | PointerEvent, info: PanInfo) => void'.
        Types of parameters 'event' and 'event' are incompatible.
          Type 'MouseEvent | TouchEvent | PointerEvent' is not assignable to type 'DragEvent<HTMLButtonElement>'.
            Type 'MouseEvent' is missing the following properties from type 'DragEvent<HTMLButtonElement>': dataTransfer, nativeEvent, isDefaultPrevented, isPropagationStopped, persist
